{"/app/src/config/env.js": {"path":"/app/src/config/env.js","statementMap":{"0":{"start":{"line":1,"column":0},"end":{"line":1,"column":27}},"1":{"start":{"line":2,"column":15},"end":{"line":2,"column":32}},"2":{"start":{"line":3,"column":34},"end":{"line":3,"column":126}},"3":{"start":{"line":3,"column":86},"end":{"line":3,"column":125}},"4":{"start":{"line":3,"column":127},"end":{"line":3,"column":136}},"5":{"start":{"line":5,"column":27},"end":{"line":5,"column":95}},"6":{"start":{"line":6,"column":22},"end":{"line":6,"column":80}},"7":{"start":{"line":7,"column":24},"end":{"line":7,"column":86}},"8":{"start":{"line":8,"column":28},"end":{"line":8,"column":98}},"9":{"start":{"line":9,"column":21},"end":{"line":9,"column":77}},"10":{"start":{"line":10,"column":23},"end":{"line":10,"column":83}},"11":{"start":{"line":11,"column":15},"end":{"line":11,"column":52}},"12":{"start":{"line":11,"column":54},"end":{"line":11,"column":141}},"13":{"start":{"line":11,"column":80},"end":{"line":11,"column":141}},"14":{"start":{"line":13,"column":19},"end":{"line":13,"column":47}},"15":{"start":{"line":16,"column":24},"end":{"line":16,"column":57}},"16":{"start":{"line":17,"column":24},"end":{"line":17,"column":57}},"17":{"start":{"line":18,"column":27},"end":{"line":18,"column":63}},"18":{"start":{"line":19,"column":20},"end":{"line":19,"column":81}},"19":{"start":{"line":20,"column":22},"end":{"line":20,"column":53}},"20":{"start":{"line":23,"column":19},"end":{"line":23,"column":50}},"21":{"start":{"line":24,"column":22},"end":{"line":24,"column":53}},"22":{"start":{"line":25,"column":21},"end":{"line":25,"column":51}},"23":{"start":{"line":26,"column":26},"end":{"line":26,"column":89}},"24":{"start":{"line":27,"column":27},"end":{"line":27,"column":63}},"25":{"start":{"line":28,"column":27},"end":{"line":28,"column":63}},"26":{"start":{"line":29,"column":26},"end":{"line":29,"column":61}},"27":{"start":{"line":30,"column":22},"end":{"line":30,"column":60}},"28":{"start":{"line":33,"column":20},"end":{"line":33,"column":57}},"29":{"start":{"line":34,"column":24},"end":{"line":34,"column":64}},"30":{"start":{"line":35,"column":22},"end":{"line":35,"column":61}},"31":{"start":{"line":36,"column":34},"end":{"line":36,"column":85}},"32":{"start":{"line":37,"column":30},"end":{"line":37,"column":77}},"33":{"start":{"line":38,"column":30},"end":{"line":38,"column":101}},"34":{"start":{"line":40,"column":26},"end":{"line":40,"column":91}},"35":{"start":{"line":41,"column":31},"end":{"line":41,"column":71}},"36":{"start":{"line":42,"column":30},"end":{"line":42,"column":69}},"37":{"start":{"line":43,"column":29},"end":{"line":43,"column":75}},"38":{"start":{"line":46,"column":22},"end":{"line":46,"column":53}},"39":{"start":{"line":47,"column":23},"end":{"line":47,"column":55}},"40":{"start":{"line":48,"column":24},"end":{"line":48,"column":57}},"41":{"start":{"line":49,"column":22},"end":{"line":49,"column":53}},"42":{"start":{"line":51,"column":0},"end":{"line":60,"column":2}}},"fnMap":{"0":{"name":"assertNonEmpty","decl":{"start":{"line":3,"column":9},"end":{"line":3,"column":23}},"loc":{"start":{"line":3,"column":32},"end":{"line":3,"column":138}},"line":3}},"branchMap":{"0":{"loc":{"start":{"line":3,"column":34},"end":{"line":3,"column":126}},"type":"if","locations":[{"start":{"line":3,"column":34},"end":{"line":3,"column":126}},{"start":{},"end":{}}],"line":3},"1":{"loc":{"start":{"line":3,"column":37},"end":{"line":3,"column":83}},"type":"binary-expr","locations":[{"start":{"line":3,"column":37},"end":{"line":3,"column":50}},{"start":{"line":3,"column":52},"end":{"line":3,"column":60}},{"start":{"line":3,"column":62},"end":{"line":3,"column":83}}],"line":3},"2":{"loc":{"start":{"line":11,"column":54},"end":{"line":11,"column":141}},"type":"if","locations":[{"start":{"line":11,"column":54},"end":{"line":11,"column":141}},{"start":{},"end":{}}],"line":11},"3":{"loc":{"start":{"line":13,"column":19},"end":{"line":13,"column":47}},"type":"binary-expr","locations":[{"start":{"line":13,"column":19},"end":{"line":13,"column":41}},{"start":{"line":13,"column":45},"end":{"line":13,"column":47}}],"line":13},"4":{"loc":{"start":{"line":16,"column":24},"end":{"line":16,"column":57}},"type":"binary-expr","locations":[{"start":{"line":16,"column":24},"end":{"line":16,"column":51}},{"start":{"line":16,"column":55},"end":{"line":16,"column":57}}],"line":16},"5":{"loc":{"start":{"line":17,"column":24},"end":{"line":17,"column":57}},"type":"binary-expr","locations":[{"start":{"line":17,"column":24},"end":{"line":17,"column":51}},{"start":{"line":17,"column":55},"end":{"line":17,"column":57}}],"line":17},"6":{"loc":{"start":{"line":18,"column":27},"end":{"line":18,"column":63}},"type":"binary-expr","locations":[{"start":{"line":18,"column":27},"end":{"line":18,"column":57}},{"start":{"line":18,"column":61},"end":{"line":18,"column":63}}],"line":18},"7":{"loc":{"start":{"line":19,"column":20},"end":{"line":19,"column":81}},"type":"binary-expr","locations":[{"start":{"line":19,"column":20},"end":{"line":19,"column":43}},{"start":{"line":19,"column":47},"end":{"line":19,"column":81}}],"line":19},"8":{"loc":{"start":{"line":20,"column":22},"end":{"line":20,"column":53}},"type":"binary-expr","locations":[{"start":{"line":20,"column":22},"end":{"line":20,"column":47}},{"start":{"line":20,"column":51},"end":{"line":20,"column":53}}],"line":20},"9":{"loc":{"start":{"line":23,"column":19},"end":{"line":23,"column":50}},"type":"binary-expr","locations":[{"start":{"line":23,"column":19},"end":{"line":23,"column":41}},{"start":{"line":23,"column":45},"end":{"line":23,"column":50}}],"line":23},"10":{"loc":{"start":{"line":24,"column":22},"end":{"line":24,"column":53}},"type":"binary-expr","locations":[{"start":{"line":24,"column":22},"end":{"line":24,"column":47}},{"start":{"line":24,"column":51},"end":{"line":24,"column":53}}],"line":24},"11":{"loc":{"start":{"line":25,"column":21},"end":{"line":25,"column":51}},"type":"binary-expr","locations":[{"start":{"line":25,"column":21},"end":{"line":25,"column":45}},{"start":{"line":25,"column":49},"end":{"line":25,"column":51}}],"line":25},"12":{"loc":{"start":{"line":26,"column":26},"end":{"line":26,"column":89}},"type":"binary-expr","locations":[{"start":{"line":26,"column":26},"end":{"line":26,"column":55}},{"start":{"line":26,"column":59},"end":{"line":26,"column":83}},{"start":{"line":26,"column":87},"end":{"line":26,"column":89}}],"line":26},"13":{"loc":{"start":{"line":27,"column":27},"end":{"line":27,"column":63}},"type":"binary-expr","locations":[{"start":{"line":27,"column":27},"end":{"line":27,"column":57}},{"start":{"line":27,"column":61},"end":{"line":27,"column":63}}],"line":27},"14":{"loc":{"start":{"line":28,"column":27},"end":{"line":28,"column":63}},"type":"binary-expr","locations":[{"start":{"line":28,"column":27},"end":{"line":28,"column":57}},{"start":{"line":28,"column":61},"end":{"line":28,"column":63}}],"line":28},"15":{"loc":{"start":{"line":29,"column":26},"end":{"line":29,"column":61}},"type":"binary-expr","locations":[{"start":{"line":29,"column":26},"end":{"line":29,"column":55}},{"start":{"line":29,"column":59},"end":{"line":29,"column":61}}],"line":29},"16":{"loc":{"start":{"line":30,"column":29},"end":{"line":30,"column":59}},"type":"binary-expr","locations":[{"start":{"line":30,"column":29},"end":{"line":30,"column":54}},{"start":{"line":30,"column":58},"end":{"line":30,"column":59}}],"line":30},"17":{"loc":{"start":{"line":33,"column":27},"end":{"line":33,"column":56}},"type":"binary-expr","locations":[{"start":{"line":33,"column":27},"end":{"line":33,"column":50}},{"start":{"line":33,"column":54},"end":{"line":33,"column":56}}],"line":33},"18":{"loc":{"start":{"line":34,"column":31},"end":{"line":34,"column":63}},"type":"binary-expr","locations":[{"start":{"line":34,"column":31},"end":{"line":34,"column":58}},{"start":{"line":34,"column":62},"end":{"line":34,"column":63}}],"line":34},"19":{"loc":{"start":{"line":35,"column":29},"end":{"line":35,"column":60}},"type":"binary-expr","locations":[{"start":{"line":35,"column":29},"end":{"line":35,"column":54}},{"start":{"line":35,"column":58},"end":{"line":35,"column":60}}],"line":35},"20":{"loc":{"start":{"line":36,"column":41},"end":{"line":36,"column":84}},"type":"binary-expr","locations":[{"start":{"line":36,"column":41},"end":{"line":36,"column":78}},{"start":{"line":36,"column":82},"end":{"line":36,"column":84}}],"line":36},"21":{"loc":{"start":{"line":37,"column":37},"end":{"line":37,"column":76}},"type":"binary-expr","locations":[{"start":{"line":37,"column":37},"end":{"line":37,"column":70}},{"start":{"line":37,"column":74},"end":{"line":37,"column":76}}],"line":37},"22":{"loc":{"start":{"line":38,"column":31},"end":{"line":38,"column":75}},"type":"binary-expr","locations":[{"start":{"line":38,"column":31},"end":{"line":38,"column":64}},{"start":{"line":38,"column":68},"end":{"line":38,"column":75}}],"line":38},"23":{"loc":{"start":{"line":40,"column":26},"end":{"line":40,"column":91}},"type":"binary-expr","locations":[{"start":{"line":40,"column":26},"end":{"line":40,"column":55}},{"start":{"line":40,"column":59},"end":{"line":40,"column":91}}],"line":40},"24":{"loc":{"start":{"line":41,"column":31},"end":{"line":41,"column":71}},"type":"binary-expr","locations":[{"start":{"line":41,"column":31},"end":{"line":41,"column":65}},{"start":{"line":41,"column":69},"end":{"line":41,"column":71}}],"line":41},"25":{"loc":{"start":{"line":42,"column":30},"end":{"line":42,"column":69}},"type":"binary-expr","locations":[{"start":{"line":42,"column":30},"end":{"line":42,"column":63}},{"start":{"line":42,"column":67},"end":{"line":42,"column":69}}],"line":42},"26":{"loc":{"start":{"line":43,"column":36},"end":{"line":43,"column":74}},"type":"binary-expr","locations":[{"start":{"line":43,"column":36},"end":{"line":43,"column":68}},{"start":{"line":43,"column":72},"end":{"line":43,"column":74}}],"line":43},"27":{"loc":{"start":{"line":46,"column":22},"end":{"line":46,"column":53}},"type":"binary-expr","locations":[{"start":{"line":46,"column":22},"end":{"line":46,"column":47}},{"start":{"line":46,"column":51},"end":{"line":46,"column":53}}],"line":46},"28":{"loc":{"start":{"line":47,"column":23},"end":{"line":47,"column":55}},"type":"binary-expr","locations":[{"start":{"line":47,"column":23},"end":{"line":47,"column":49}},{"start":{"line":47,"column":53},"end":{"line":47,"column":55}}],"line":47},"29":{"loc":{"start":{"line":48,"column":24},"end":{"line":48,"column":57}},"type":"binary-expr","locations":[{"start":{"line":48,"column":24},"end":{"line":48,"column":51}},{"start":{"line":48,"column":55},"end":{"line":48,"column":57}}],"line":48},"30":{"loc":{"start":{"line":49,"column":22},"end":{"line":49,"column":53}},"type":"binary-expr","locations":[{"start":{"line":49,"column":22},"end":{"line":49,"column":47}},{"start":{"line":49,"column":51},"end":{"line":49,"column":53}}],"line":49}},"s":{"0":1,"1":1,"2":6,"3":0,"4":6,"5":1,"6":1,"7":1,"8":1,"9":1,"10":1,"11":1,"12":1,"13":0,"14":1,"15":1,"16":1,"17":1,"18":1,"19":1,"20":1,"21":1,"22":1,"23":1,"24":1,"25":1,"26":1,"27":1,"28":1,"29":1,"30":1,"31":1,"32":1,"33":1,"34":1,"35":1,"36":1,"37":1,"38":1,"39":1,"40":1,"41":1,"42":1},"f":{"0":6},"b":{"0":[0,6],"1":[6,6,6],"2":[0,1],"3":[1,0],"4":[1,0],"5":[1,0],"6":[1,0],"7":[1,0],"8":[1,0],"9":[1,0],"10":[1,1],"11":[1,1],"12":[1,1,1],"13":[1,1],"14":[1,1],"15":[1,1],"16":[1,0],"17":[1,0],"18":[1,0],"19":[1,0],"20":[1,0],"21":[1,0],"22":[1,0],"23":[1,0],"24":[1,1],"25":[1,1],"26":[1,0],"27":[1,1],"28":[1,1],"29":[1,0],"30":[1,0]},"_coverageSchema":"1a1c01bbd47fc00a2c39e90264f33305004495a9","hash":"67aa52078a0c095b3481c7843bc702e1e0ccb33e"}
,"/app/src/services/canva.js": {"path":"/app/src/services/canva.js","statementMap":{"0":{"start":{"line":1,"column":15},"end":{"line":1,"column":38}},"1":{"start":{"line":2,"column":43},"end":{"line":2,"column":67}},"2":{"start":{"line":5,"column":2},"end":{"line":7,"column":3}},"3":{"start":{"line":6,"column":4},"end":{"line":6,"column":44}},"4":{"start":{"line":8,"column":14},"end":{"line":8,"column":76}},"5":{"start":{"line":9,"column":2},"end":{"line":49,"column":3}},"6":{"start":{"line":9,"column":15},"end":{"line":9,"column":16}},"7":{"start":{"line":10,"column":4},"end":{"line":48,"column":5}},"8":{"start":{"line":11,"column":18},"end":{"line":18,"column":8}},"9":{"start":{"line":19,"column":19},"end":{"line":19,"column":53}},"10":{"start":{"line":19,"column":49},"end":{"line":19,"column":51}},"11":{"start":{"line":20,"column":6},"end":{"line":22,"column":7}},"12":{"start":{"line":21,"column":8},"end":{"line":21,"column":91}},"13":{"start":{"line":23,"column":6},"end":{"line":23,"column":18}},"14":{"start":{"line":25,"column":6},"end":{"line":46,"column":7}},"15":{"start":{"line":26,"column":8},"end":{"line":44,"column":9}},"16":{"start":{"line":27,"column":10},"end":{"line":35,"column":13}},"17":{"start":{"line":36,"column":10},"end":{"line":43,"column":13}},"18":{"start":{"line":45,"column":8},"end":{"line":45,"column":16}},"19":{"start":{"line":47,"column":6},"end":{"line":47,"column":62}},"20":{"start":{"line":47,"column":31},"end":{"line":47,"column":60}},"21":{"start":{"line":52,"column":0},"end":{"line":52,"column":33}}},"fnMap":{"0":{"name":"inviteCanva","decl":{"start":{"line":4,"column":15},"end":{"line":4,"column":26}},"loc":{"start":{"line":4,"column":62},"end":{"line":50,"column":1}},"line":4},"1":{"name":"(anonymous_1)","decl":{"start":{"line":19,"column":42},"end":{"line":19,"column":43}},"loc":{"start":{"line":19,"column":49},"end":{"line":19,"column":51}},"line":19},"2":{"name":"(anonymous_2)","decl":{"start":{"line":47,"column":24},"end":{"line":47,"column":25}},"loc":{"start":{"line":47,"column":31},"end":{"line":47,"column":60}},"line":47}},"branchMap":{"0":{"loc":{"start":{"line":4,"column":34},"end":{"line":4,"column":60}},"type":"default-arg","locations":[{"start":{"line":4,"column":58},"end":{"line":4,"column":60}}],"line":4},"1":{"loc":{"start":{"line":4,"column":36},"end":{"line":4,"column":53}},"type":"default-arg","locations":[{"start":{"line":4,"column":48},"end":{"line":4,"column":53}}],"line":4},"2":{"loc":{"start":{"line":5,"column":2},"end":{"line":7,"column":3}},"type":"if","locations":[{"start":{"line":5,"column":2},"end":{"line":7,"column":3}},{"start":{},"end":{}}],"line":5},"3":{"loc":{"start":{"line":5,"column":6},"end":{"line":5,"column":40}},"type":"binary-expr","locations":[{"start":{"line":5,"column":6},"end":{"line":5,"column":22}},{"start":{"line":5,"column":26},"end":{"line":5,"column":40}}],"line":5},"4":{"loc":{"start":{"line":20,"column":6},"end":{"line":22,"column":7}},"type":"if","locations":[{"start":{"line":20,"column":6},"end":{"line":22,"column":7}},{"start":{},"end":{}}],"line":20},"5":{"loc":{"start":{"line":21,"column":24},"end":{"line":21,"column":89}},"type":"binary-expr","locations":[{"start":{"line":21,"column":24},"end":{"line":21,"column":43}},{"start":{"line":21,"column":47},"end":{"line":21,"column":59}},{"start":{"line":21,"column":63},"end":{"line":21,"column":89}}],"line":21},"6":{"loc":{"start":{"line":25,"column":6},"end":{"line":46,"column":7}},"type":"if","locations":[{"start":{"line":25,"column":6},"end":{"line":46,"column":7}},{"start":{},"end":{}}],"line":25},"7":{"loc":{"start":{"line":26,"column":8},"end":{"line":44,"column":9}},"type":"if","locations":[{"start":{"line":26,"column":8},"end":{"line":44,"column":9}},{"start":{},"end":{}}],"line":26}},"s":{"0":1,"1":1,"2":1,"3":0,"4":1,"5":1,"6":1,"7":3,"8":3,"9":3,"10":0,"11":3,"12":3,"13":0,"14":3,"15":1,"16":1,"17":1,"18":1,"19":2,"20":2,"21":1},"f":{"0":1,"1":0,"2":2},"b":{"0":[1],"1":[1],"2":[0,1],"3":[1,1],"4":[3,0],"5":[3,3,0],"6":[1,2],"7":[1,0]},"_coverageSchema":"1a1c01bbd47fc00a2c39e90264f33305004495a9","hash":"09e6720162ebc2d91ba007d6b8c13ab701bbf3c8"}
}
