TN:
SF:src/config/env.js
FN:3,assertNonEmpty
FNF:1
FNH:1
FNDA:6,assertNonEmpty
DA:1,1
DA:2,1
DA:3,6
DA:5,1
DA:6,1
DA:7,1
DA:8,1
DA:9,1
DA:10,1
DA:11,1
DA:13,1
DA:16,1
DA:17,1
DA:18,1
DA:19,1
DA:20,1
DA:23,1
DA:24,1
DA:25,1
DA:26,1
DA:27,1
DA:28,1
DA:29,1
DA:30,1
DA:33,1
DA:34,1
DA:35,1
DA:36,1
DA:37,1
DA:38,1
DA:40,1
DA:41,1
DA:42,1
DA:43,1
DA:46,1
DA:47,1
DA:48,1
DA:49,1
DA:51,1
LF:39
LH:39
BRDA:3,0,0,0
BRDA:3,0,1,6
BRDA:3,1,0,6
BRDA:3,1,1,6
BRDA:3,1,2,6
BRDA:11,2,0,0
BRDA:11,2,1,1
BRDA:13,3,0,1
BRDA:13,3,1,0
BRDA:16,4,0,1
BRDA:16,4,1,0
BRDA:17,5,0,1
BRDA:17,5,1,0
BRDA:18,6,0,1
BRDA:18,6,1,0
BRDA:19,7,0,1
BRDA:19,7,1,0
BRDA:20,8,0,1
BRDA:20,8,1,0
BRDA:23,9,0,1
BRDA:23,9,1,0
BRDA:24,10,0,1
BRDA:24,10,1,1
BRDA:25,11,0,1
BRDA:25,11,1,1
BRDA:26,12,0,1
BRDA:26,12,1,1
BRDA:26,12,2,1
BRDA:27,13,0,1
BRDA:27,13,1,1
BRDA:28,14,0,1
BRDA:28,14,1,1
BRDA:29,15,0,1
BRDA:29,15,1,1
BRDA:30,16,0,1
BRDA:30,16,1,0
BRDA:33,17,0,1
BRDA:33,17,1,0
BRDA:34,18,0,1
BRDA:34,18,1,0
BRDA:35,19,0,1
BRDA:35,19,1,0
BRDA:36,20,0,1
BRDA:36,20,1,0
BRDA:37,21,0,1
BRDA:37,21,1,0
BRDA:38,22,0,1
BRDA:38,22,1,0
BRDA:40,23,0,1
BRDA:40,23,1,0
BRDA:41,24,0,1
BRDA:41,24,1,1
BRDA:42,25,0,1
BRDA:42,25,1,1
BRDA:43,26,0,1
BRDA:43,26,1,0
BRDA:46,27,0,1
BRDA:46,27,1,1
BRDA:47,28,0,1
BRDA:47,28,1,1
BRDA:48,29,0,1
BRDA:48,29,1,0
BRDA:49,30,0,1
BRDA:49,30,1,0
BRF:64
BRH:44
end_of_record
TN:
SF:src/services/canva.js
FN:4,inviteCanva
FN:19,(anonymous_1)
FN:47,(anonymous_2)
FNF:3
FNH:2
FNDA:1,inviteCanva
FNDA:0,(anonymous_1)
FNDA:2,(anonymous_2)
DA:1,1
DA:2,1
DA:5,1
DA:6,0
DA:8,1
DA:9,1
DA:10,3
DA:11,3
DA:19,3
DA:20,3
DA:21,3
DA:23,0
DA:25,3
DA:26,1
DA:27,1
DA:36,1
DA:45,1
DA:47,2
DA:52,1
LF:19
LH:17
BRDA:4,0,0,1
BRDA:4,1,0,1
BRDA:5,2,0,0
BRDA:5,2,1,1
BRDA:5,3,0,1
BRDA:5,3,1,1
BRDA:20,4,0,3
BRDA:20,4,1,0
BRDA:21,5,0,3
BRDA:21,5,1,3
BRDA:21,5,2,0
BRDA:25,6,0,1
BRDA:25,6,1,2
BRDA:26,7,0,1
BRDA:26,7,1,0
BRF:15
BRH:11
end_of_record
